date: 2014-03-12 14:34:40.094
argv: node /usr/local/bin/hexo deploy
os: Darwin 13.0.0 darwin x64
version:
  hexo: 2.4.5
  http_parser: 1.0
  node: 0.10.24
  v8: 3.14.5.9
  ares: 1.9.0-DEV
  uv: 0.10.21
  zlib: 1.2.3
  modules: 11
  openssl: 1.0.1e
---

[debug] 14:34:39.628 Configuration file load successfully
[debug] 14:34:39.630 Version info checked successfully
[debug] 14:34:39.682 Script load successfully: fancybox.js
[debug] 14:34:39.705 Theme layout loaded
[debug] 14:34:39.736 Theme configuration loaded
[debug] 14:34:39.740 Processed: CNAME
[debug] 14:34:39.757 Theme source loaded
[error] 14:34:40.076 { rawMessage: 'Unable to parse.',
  parsedLine: 5,
  snippet: 'tags:[Debian,短信猫,USB,minicom,gnokii]',
  parsedFile: null,
  message: 'Unable to parse.',
  domain: 
   { domain: null,
     _events: { error: [Function] },
     _maxListeners: 10,
     members: [],
     _disposed: true },
  domainThrown: true }